<?xml version="1.0" encoding="UTF-8"?>
<testng-results ignored="0" total="2" passed="2" failed="0" skipped="0">
  <reporter-output>
  </reporter-output>
  <suite started-at="2022-10-16T15:48:43 IST" name="Suite" finished-at="2022-10-16T15:48:53 IST" duration-ms="10408">
    <groups>
    </groups>
    <test started-at="2022-10-16T15:48:43 IST" name="Test" finished-at="2022-10-16T15:48:53 IST" duration-ms="10408">
      <class name="testngpractice.Sample">
        <test-method is-config="true" signature="openbrowser(java.lang.String)[pri:0, instance:testngpractice.Sample@e350b40]" started-at="2022-10-16T15:48:43 IST" name="openbrowser" finished-at="2022-10-16T15:48:49 IST" duration-ms="6075" status="PASS">
          <params>
            <param index="0">
              <value>
                <![CDATA[firefox]]>
              </value>
            </param>
          </params>
          <reporter-output>
          </reporter-output>
        </test-method> <!-- openbrowser -->
        <test-method signature="login(java.lang.String)[pri:0, instance:testngpractice.Sample@e350b40]" started-at="2022-10-16T15:48:49 IST" name="login" finished-at="2022-10-16T15:48:52 IST" duration-ms="2959" status="PASS">
          <params>
            <param index="0">
              <value>
                <![CDATA[https://demo.guru99.com/test/newtours/]]>
              </value>
            </param>
          </params>
          <reporter-output>
          </reporter-output>
        </test-method> <!-- login -->
        <test-method signature="verfiydeetails(java.lang.String,java.lang.String)[pri:0, instance:testngpractice.Sample@e350b40]" started-at="2022-10-16T15:48:52 IST" name="verfiydeetails" finished-at="2022-10-16T15:48:52 IST" duration-ms="155" status="PASS">
          <params>
            <param index="0">
              <value>
                <![CDATA[username]]>
              </value>
            </param>
            <param index="1">
              <value>
                <![CDATA[password]]>
              </value>
            </param>
          </params>
          <reporter-output>
          </reporter-output>
        </test-method> <!-- verfiydeetails -->
        <test-method is-config="true" signature="teardown()[pri:0, instance:testngpractice.Sample@e350b40]" started-at="2022-10-16T15:48:52 IST" name="teardown" finished-at="2022-10-16T15:48:53 IST" duration-ms="1162" status="PASS">
          <reporter-output>
          </reporter-output>
        </test-method> <!-- teardown -->
      </class> <!-- testngpractice.Sample -->
    </test> <!-- Test -->
  </suite> <!-- Suite -->
</testng-results>
